INFO - 2025-01-10 03:25:22 --> Session: Class initialized using 'CodeIgniter\Session\Handlers\DatabaseHandler' driver.
CRITICAL - 2025-01-10 03:25:22 --> ErrorException: require_once(/var/www/html/app/ThirdParty/Google/2-18-1/composer/autoload_real.php): Failed to open stream: No such file or directory
[Method: GET, Route: events]
in APPPATH/ThirdParty/Google/2-18-1/autoload.php on line 23.
 1 APPPATH/ThirdParty/Google/2-18-1/autoload.php(23): CodeIgniter\Debug\Exceptions->errorHandler(2, 'require_once(/var/www/html/app/ThirdParty/Google/2-18-1/composer/autoload_real.php): Failed to open stream: No such file or directory', '/var/www/html/app/ThirdParty/Google/2-18-1/autoload.php', 23)
 2 APPPATH/ThirdParty/Google/2-18-1/autoload.php(23): require_once()
 3 APPPATH/Libraries/Google_calendar_events.php(15): require_once('/var/www/html/app/ThirdParty/Google/2-18-1/autoload.php')
 4 APPPATH/Controllers/Events.php(13): App\Libraries\Google_calendar_events->__construct()
 5 SYSTEMPATH/CodeIgniter.php(903): App\Controllers\Events->__construct()
 6 SYSTEMPATH/CodeIgniter.php(500): CodeIgniter\CodeIgniter->createController()
 7 SYSTEMPATH/CodeIgniter.php(355): CodeIgniter\CodeIgniter->handleRequest(null, Object(Config\Cache), false)
 8 SYSTEMPATH/Boot.php(334): CodeIgniter\CodeIgniter->run()
 9 SYSTEMPATH/Boot.php(67): CodeIgniter\Boot::runCodeIgniter(Object(CodeIgniter\CodeIgniter))
10 FCPATH/index.php(75): CodeIgniter\Boot::bootWeb(Object(Config\Paths))
INFO - 2025-01-10 03:26:12 --> Session: Class initialized using 'CodeIgniter\Session\Handlers\DatabaseHandler' driver.
CRITICAL - 2025-01-10 03:26:12 --> ErrorException: require_once(/var/www/html/app/ThirdParty/Google/2-18-1/composer/autoload_real.php): Failed to open stream: No such file or directory
[Method: GET, Route: events]
in APPPATH/ThirdParty/Google/2-18-1/autoload.php on line 23.
 1 APPPATH/ThirdParty/Google/2-18-1/autoload.php(23): CodeIgniter\Debug\Exceptions->errorHandler(2, 'require_once(/var/www/html/app/ThirdParty/Google/2-18-1/composer/autoload_real.php): Failed to open stream: No such file or directory', '/var/www/html/app/ThirdParty/Google/2-18-1/autoload.php', 23)
 2 APPPATH/ThirdParty/Google/2-18-1/autoload.php(23): require_once()
 3 APPPATH/Libraries/Google_calendar_events.php(15): require_once('/var/www/html/app/ThirdParty/Google/2-18-1/autoload.php')
 4 APPPATH/Controllers/Events.php(13): App\Libraries\Google_calendar_events->__construct()
 5 SYSTEMPATH/CodeIgniter.php(903): App\Controllers\Events->__construct()
 6 SYSTEMPATH/CodeIgniter.php(500): CodeIgniter\CodeIgniter->createController()
 7 SYSTEMPATH/CodeIgniter.php(355): CodeIgniter\CodeIgniter->handleRequest(null, Object(Config\Cache), false)
 8 SYSTEMPATH/Boot.php(334): CodeIgniter\CodeIgniter->run()
 9 SYSTEMPATH/Boot.php(67): CodeIgniter\Boot::runCodeIgniter(Object(CodeIgniter\CodeIgniter))
10 FCPATH/index.php(75): CodeIgniter\Boot::bootWeb(Object(Config\Paths))
INFO - 2025-01-10 03:26:13 --> Session: Class initialized using 'CodeIgniter\Session\Handlers\DatabaseHandler' driver.
INFO - 2025-01-10 03:26:13 --> Session: Class initialized using 'CodeIgniter\Session\Handlers\DatabaseHandler' driver.
CRITICAL - 2025-01-10 03:26:13 --> ErrorException: require_once(/var/www/html/app/ThirdParty/Google/2-18-1/composer/autoload_real.php): Failed to open stream: No such file or directory
[Method: GET, Route: events/count_missed_reminders]
in APPPATH/ThirdParty/Google/2-18-1/autoload.php on line 23.
 1 APPPATH/ThirdParty/Google/2-18-1/autoload.php(23): CodeIgniter\Debug\Exceptions->errorHandler(2, 'require_once(/var/www/html/app/ThirdParty/Google/2-18-1/composer/autoload_real.php): Failed to open stream: No such file or directory', '/var/www/html/app/ThirdParty/Google/2-18-1/autoload.php', 23)
 2 APPPATH/ThirdParty/Google/2-18-1/autoload.php(23): require_once()
 3 APPPATH/Libraries/Google_calendar_events.php(15): require_once('/var/www/html/app/ThirdParty/Google/2-18-1/autoload.php')
 4 APPPATH/Controllers/Events.php(13): App\Libraries\Google_calendar_events->__construct()
 5 SYSTEMPATH/CodeIgniter.php(903): App\Controllers\Events->__construct()
 6 SYSTEMPATH/CodeIgniter.php(500): CodeIgniter\CodeIgniter->createController()
 7 SYSTEMPATH/CodeIgniter.php(355): CodeIgniter\CodeIgniter->handleRequest(null, Object(Config\Cache), false)
 8 SYSTEMPATH/Boot.php(334): CodeIgniter\CodeIgniter->run()
 9 SYSTEMPATH/Boot.php(67): CodeIgniter\Boot::runCodeIgniter(Object(CodeIgniter\CodeIgniter))
10 FCPATH/index.php(75): CodeIgniter\Boot::bootWeb(Object(Config\Paths))
INFO - 2025-01-10 03:26:13 --> Session: Class initialized using 'CodeIgniter\Session\Handlers\DatabaseHandler' driver.
INFO - 2025-01-10 03:26:13 --> Session: Class initialized using 'CodeIgniter\Session\Handlers\DatabaseHandler' driver.
INFO - 2025-01-10 03:26:13 --> Session: Class initialized using 'CodeIgniter\Session\Handlers\DatabaseHandler' driver.
INFO - 2025-01-10 03:26:14 --> Session: Class initialized using 'CodeIgniter\Session\Handlers\DatabaseHandler' driver.
CRITICAL - 2025-01-10 03:26:14 --> ErrorException: require_once(/var/www/html/app/ThirdParty/Google/2-18-1/composer/autoload_real.php): Failed to open stream: No such file or directory
[Method: GET, Route: events]
in APPPATH/ThirdParty/Google/2-18-1/autoload.php on line 23.
 1 APPPATH/ThirdParty/Google/2-18-1/autoload.php(23): CodeIgniter\Debug\Exceptions->errorHandler(2, 'require_once(/var/www/html/app/ThirdParty/Google/2-18-1/composer/autoload_real.php): Failed to open stream: No such file or directory', '/var/www/html/app/ThirdParty/Google/2-18-1/autoload.php', 23)
 2 APPPATH/ThirdParty/Google/2-18-1/autoload.php(23): require_once()
 3 APPPATH/Libraries/Google_calendar_events.php(15): require_once('/var/www/html/app/ThirdParty/Google/2-18-1/autoload.php')
 4 APPPATH/Controllers/Events.php(13): App\Libraries\Google_calendar_events->__construct()
 5 SYSTEMPATH/CodeIgniter.php(903): App\Controllers\Events->__construct()
 6 SYSTEMPATH/CodeIgniter.php(500): CodeIgniter\CodeIgniter->createController()
 7 SYSTEMPATH/CodeIgniter.php(355): CodeIgniter\CodeIgniter->handleRequest(null, Object(Config\Cache), false)
 8 SYSTEMPATH/Boot.php(334): CodeIgniter\CodeIgniter->run()
 9 SYSTEMPATH/Boot.php(67): CodeIgniter\Boot::runCodeIgniter(Object(CodeIgniter\CodeIgniter))
10 FCPATH/index.php(75): CodeIgniter\Boot::bootWeb(Object(Config\Paths))
INFO - 2025-01-10 03:27:03 --> Session: Class initialized using 'CodeIgniter\Session\Handlers\DatabaseHandler' driver.
CRITICAL - 2025-01-10 03:27:03 --> ErrorException: require_once(/var/www/html/app/ThirdParty/Google/2-18-1/composer/autoload_real.php): Failed to open stream: No such file or directory
[Method: GET, Route: events]
in APPPATH/ThirdParty/Google/2-18-1/autoload.php on line 23.
 1 APPPATH/ThirdParty/Google/2-18-1/autoload.php(23): CodeIgniter\Debug\Exceptions->errorHandler(2, 'require_once(/var/www/html/app/ThirdParty/Google/2-18-1/composer/autoload_real.php): Failed to open stream: No such file or directory', '/var/www/html/app/ThirdParty/Google/2-18-1/autoload.php', 23)
 2 APPPATH/ThirdParty/Google/2-18-1/autoload.php(23): require_once()
 3 APPPATH/Libraries/Google_calendar_events.php(15): require_once('/var/www/html/app/ThirdParty/Google/2-18-1/autoload.php')
 4 APPPATH/Controllers/Events.php(13): App\Libraries\Google_calendar_events->__construct()
 5 SYSTEMPATH/CodeIgniter.php(903): App\Controllers\Events->__construct()
 6 SYSTEMPATH/CodeIgniter.php(500): CodeIgniter\CodeIgniter->createController()
 7 SYSTEMPATH/CodeIgniter.php(355): CodeIgniter\CodeIgniter->handleRequest(null, Object(Config\Cache), false)
 8 SYSTEMPATH/Boot.php(334): CodeIgniter\CodeIgniter->run()
 9 SYSTEMPATH/Boot.php(67): CodeIgniter\Boot::runCodeIgniter(Object(CodeIgniter\CodeIgniter))
10 FCPATH/index.php(75): CodeIgniter\Boot::bootWeb(Object(Config\Paths))
INFO - 2025-01-10 03:27:08 --> Session: Class initialized using 'CodeIgniter\Session\Handlers\DatabaseHandler' driver.
CRITICAL - 2025-01-10 03:27:08 --> ErrorException: require_once(/var/www/html/app/ThirdParty/Google/2-18-1/composer/autoload_real.php): Failed to open stream: No such file or directory
[Method: GET, Route: events]
in APPPATH/ThirdParty/Google/2-18-1/autoload.php on line 23.
 1 APPPATH/ThirdParty/Google/2-18-1/autoload.php(23): CodeIgniter\Debug\Exceptions->errorHandler(2, 'require_once(/var/www/html/app/ThirdParty/Google/2-18-1/composer/autoload_real.php): Failed to open stream: No such file or directory', '/var/www/html/app/ThirdParty/Google/2-18-1/autoload.php', 23)
 2 APPPATH/ThirdParty/Google/2-18-1/autoload.php(23): require_once()
 3 APPPATH/Libraries/Google_calendar_events.php(15): require_once('/var/www/html/app/ThirdParty/Google/2-18-1/autoload.php')
 4 APPPATH/Controllers/Events.php(13): App\Libraries\Google_calendar_events->__construct()
 5 SYSTEMPATH/CodeIgniter.php(903): App\Controllers\Events->__construct()
 6 SYSTEMPATH/CodeIgniter.php(500): CodeIgniter\CodeIgniter->createController()
 7 SYSTEMPATH/CodeIgniter.php(355): CodeIgniter\CodeIgniter->handleRequest(null, Object(Config\Cache), false)
 8 SYSTEMPATH/Boot.php(334): CodeIgniter\CodeIgniter->run()
 9 SYSTEMPATH/Boot.php(67): CodeIgniter\Boot::runCodeIgniter(Object(CodeIgniter\CodeIgniter))
10 FCPATH/index.php(75): CodeIgniter\Boot::bootWeb(Object(Config\Paths))
INFO - 2025-01-10 03:27:11 --> Session: Class initialized using 'CodeIgniter\Session\Handlers\DatabaseHandler' driver.
INFO - 2025-01-10 03:27:12 --> Session: Class initialized using 'CodeIgniter\Session\Handlers\DatabaseHandler' driver.
CRITICAL - 2025-01-10 03:27:12 --> ErrorException: require_once(/var/www/html/app/ThirdParty/Google/2-18-1/composer/autoload_real.php): Failed to open stream: No such file or directory
[Method: GET, Route: events/count_missed_reminders]
in APPPATH/ThirdParty/Google/2-18-1/autoload.php on line 23.
 1 APPPATH/ThirdParty/Google/2-18-1/autoload.php(23): CodeIgniter\Debug\Exceptions->errorHandler(2, 'require_once(/var/www/html/app/ThirdParty/Google/2-18-1/composer/autoload_real.php): Failed to open stream: No such file or directory', '/var/www/html/app/ThirdParty/Google/2-18-1/autoload.php', 23)
 2 APPPATH/ThirdParty/Google/2-18-1/autoload.php(23): require_once()
 3 APPPATH/Libraries/Google_calendar_events.php(15): require_once('/var/www/html/app/ThirdParty/Google/2-18-1/autoload.php')
 4 APPPATH/Controllers/Events.php(13): App\Libraries\Google_calendar_events->__construct()
 5 SYSTEMPATH/CodeIgniter.php(903): App\Controllers\Events->__construct()
 6 SYSTEMPATH/CodeIgniter.php(500): CodeIgniter\CodeIgniter->createController()
 7 SYSTEMPATH/CodeIgniter.php(355): CodeIgniter\CodeIgniter->handleRequest(null, Object(Config\Cache), false)
 8 SYSTEMPATH/Boot.php(334): CodeIgniter\CodeIgniter->run()
 9 SYSTEMPATH/Boot.php(67): CodeIgniter\Boot::runCodeIgniter(Object(CodeIgniter\CodeIgniter))
10 FCPATH/index.php(75): CodeIgniter\Boot::bootWeb(Object(Config\Paths))
INFO - 2025-01-10 03:27:12 --> Session: Class initialized using 'CodeIgniter\Session\Handlers\DatabaseHandler' driver.
INFO - 2025-01-10 03:27:12 --> Session: Class initialized using 'CodeIgniter\Session\Handlers\DatabaseHandler' driver.
INFO - 2025-01-10 03:27:12 --> Session: Class initialized using 'CodeIgniter\Session\Handlers\DatabaseHandler' driver.
INFO - 2025-01-10 03:27:14 --> Session: Class initialized using 'CodeIgniter\Session\Handlers\DatabaseHandler' driver.
INFO - 2025-01-10 03:27:15 --> Session: Class initialized using 'CodeIgniter\Session\Handlers\DatabaseHandler' driver.
CRITICAL - 2025-01-10 03:27:15 --> ErrorException: require_once(/var/www/html/app/ThirdParty/Google/2-18-1/composer/autoload_real.php): Failed to open stream: No such file or directory
[Method: GET, Route: events/count_missed_reminders]
in APPPATH/ThirdParty/Google/2-18-1/autoload.php on line 23.
 1 APPPATH/ThirdParty/Google/2-18-1/autoload.php(23): CodeIgniter\Debug\Exceptions->errorHandler(2, 'require_once(/var/www/html/app/ThirdParty/Google/2-18-1/composer/autoload_real.php): Failed to open stream: No such file or directory', '/var/www/html/app/ThirdParty/Google/2-18-1/autoload.php', 23)
 2 APPPATH/ThirdParty/Google/2-18-1/autoload.php(23): require_once()
 3 APPPATH/Libraries/Google_calendar_events.php(15): require_once('/var/www/html/app/ThirdParty/Google/2-18-1/autoload.php')
 4 APPPATH/Controllers/Events.php(13): App\Libraries\Google_calendar_events->__construct()
 5 SYSTEMPATH/CodeIgniter.php(903): App\Controllers\Events->__construct()
 6 SYSTEMPATH/CodeIgniter.php(500): CodeIgniter\CodeIgniter->createController()
 7 SYSTEMPATH/CodeIgniter.php(355): CodeIgniter\CodeIgniter->handleRequest(null, Object(Config\Cache), false)
 8 SYSTEMPATH/Boot.php(334): CodeIgniter\CodeIgniter->run()
 9 SYSTEMPATH/Boot.php(67): CodeIgniter\Boot::runCodeIgniter(Object(CodeIgniter\CodeIgniter))
10 FCPATH/index.php(75): CodeIgniter\Boot::bootWeb(Object(Config\Paths))
INFO - 2025-01-10 03:27:15 --> Session: Class initialized using 'CodeIgniter\Session\Handlers\DatabaseHandler' driver.
INFO - 2025-01-10 03:27:15 --> Session: Class initialized using 'CodeIgniter\Session\Handlers\DatabaseHandler' driver.
INFO - 2025-01-10 03:27:15 --> Session: Class initialized using 'CodeIgniter\Session\Handlers\DatabaseHandler' driver.
INFO - 2025-01-10 03:27:15 --> Session: Class initialized using 'CodeIgniter\Session\Handlers\DatabaseHandler' driver.
INFO - 2025-01-10 03:27:15 --> Session: Class initialized using 'CodeIgniter\Session\Handlers\DatabaseHandler' driver.
INFO - 2025-01-10 03:27:15 --> Session: Class initialized using 'CodeIgniter\Session\Handlers\DatabaseHandler' driver.
INFO - 2025-01-10 03:27:15 --> Session: Class initialized using 'CodeIgniter\Session\Handlers\DatabaseHandler' driver.
INFO - 2025-01-10 03:27:17 --> Session: Class initialized using 'CodeIgniter\Session\Handlers\DatabaseHandler' driver.
CRITICAL - 2025-01-10 03:27:17 --> ErrorException: require_once(/var/www/html/app/ThirdParty/Google/2-18-1/composer/autoload_real.php): Failed to open stream: No such file or directory
[Method: GET, Route: events]
in APPPATH/ThirdParty/Google/2-18-1/autoload.php on line 23.
 1 APPPATH/ThirdParty/Google/2-18-1/autoload.php(23): CodeIgniter\Debug\Exceptions->errorHandler(2, 'require_once(/var/www/html/app/ThirdParty/Google/2-18-1/composer/autoload_real.php): Failed to open stream: No such file or directory', '/var/www/html/app/ThirdParty/Google/2-18-1/autoload.php', 23)
 2 APPPATH/ThirdParty/Google/2-18-1/autoload.php(23): require_once()
 3 APPPATH/Libraries/Google_calendar_events.php(15): require_once('/var/www/html/app/ThirdParty/Google/2-18-1/autoload.php')
 4 APPPATH/Controllers/Events.php(13): App\Libraries\Google_calendar_events->__construct()
 5 SYSTEMPATH/CodeIgniter.php(903): App\Controllers\Events->__construct()
 6 SYSTEMPATH/CodeIgniter.php(500): CodeIgniter\CodeIgniter->createController()
 7 SYSTEMPATH/CodeIgniter.php(355): CodeIgniter\CodeIgniter->handleRequest(null, Object(Config\Cache), false)
 8 SYSTEMPATH/Boot.php(334): CodeIgniter\CodeIgniter->run()
 9 SYSTEMPATH/Boot.php(67): CodeIgniter\Boot::runCodeIgniter(Object(CodeIgniter\CodeIgniter))
10 FCPATH/index.php(75): CodeIgniter\Boot::bootWeb(Object(Config\Paths))
INFO - 2025-01-10 03:30:09 --> Session: Class initialized using 'CodeIgniter\Session\Handlers\DatabaseHandler' driver.
CRITICAL - 2025-01-10 03:30:09 --> ErrorException: require_once(/var/www/html/app/ThirdParty/Google/2-18-1/composer/autoload_real.php): Failed to open stream: No such file or directory
[Method: GET, Route: events]
in APPPATH/ThirdParty/Google/2-18-1/autoload.php on line 23.
 1 APPPATH/ThirdParty/Google/2-18-1/autoload.php(23): CodeIgniter\Debug\Exceptions->errorHandler(2, 'require_once(/var/www/html/app/ThirdParty/Google/2-18-1/composer/autoload_real.php): Failed to open stream: No such file or directory', '/var/www/html/app/ThirdParty/Google/2-18-1/autoload.php', 23)
 2 APPPATH/ThirdParty/Google/2-18-1/autoload.php(23): require_once()
 3 APPPATH/Libraries/Google_calendar_events.php(15): require_once('/var/www/html/app/ThirdParty/Google/2-18-1/autoload.php')
 4 APPPATH/Controllers/Events.php(13): App\Libraries\Google_calendar_events->__construct()
 5 SYSTEMPATH/CodeIgniter.php(903): App\Controllers\Events->__construct()
 6 SYSTEMPATH/CodeIgniter.php(500): CodeIgniter\CodeIgniter->createController()
 7 SYSTEMPATH/CodeIgniter.php(355): CodeIgniter\CodeIgniter->handleRequest(null, Object(Config\Cache), false)
 8 SYSTEMPATH/Boot.php(334): CodeIgniter\CodeIgniter->run()
 9 SYSTEMPATH/Boot.php(67): CodeIgniter\Boot::runCodeIgniter(Object(CodeIgniter\CodeIgniter))
10 FCPATH/index.php(75): CodeIgniter\Boot::bootWeb(Object(Config\Paths))
INFO - 2025-01-10 03:30:12 --> Session: Class initialized using 'CodeIgniter\Session\Handlers\DatabaseHandler' driver.
INFO - 2025-01-10 03:30:13 --> Session: Class initialized using 'CodeIgniter\Session\Handlers\DatabaseHandler' driver.
CRITICAL - 2025-01-10 03:30:13 --> ErrorException: require_once(/var/www/html/app/ThirdParty/Google/2-18-1/composer/autoload_real.php): Failed to open stream: No such file or directory
[Method: GET, Route: events/count_missed_reminders]
in APPPATH/ThirdParty/Google/2-18-1/autoload.php on line 23.
 1 APPPATH/ThirdParty/Google/2-18-1/autoload.php(23): CodeIgniter\Debug\Exceptions->errorHandler(2, 'require_once(/var/www/html/app/ThirdParty/Google/2-18-1/composer/autoload_real.php): Failed to open stream: No such file or directory', '/var/www/html/app/ThirdParty/Google/2-18-1/autoload.php', 23)
 2 APPPATH/ThirdParty/Google/2-18-1/autoload.php(23): require_once()
 3 APPPATH/Libraries/Google_calendar_events.php(15): require_once('/var/www/html/app/ThirdParty/Google/2-18-1/autoload.php')
 4 APPPATH/Controllers/Events.php(13): App\Libraries\Google_calendar_events->__construct()
 5 SYSTEMPATH/CodeIgniter.php(903): App\Controllers\Events->__construct()
 6 SYSTEMPATH/CodeIgniter.php(500): CodeIgniter\CodeIgniter->createController()
 7 SYSTEMPATH/CodeIgniter.php(355): CodeIgniter\CodeIgniter->handleRequest(null, Object(Config\Cache), false)
 8 SYSTEMPATH/Boot.php(334): CodeIgniter\CodeIgniter->run()
 9 SYSTEMPATH/Boot.php(67): CodeIgniter\Boot::runCodeIgniter(Object(CodeIgniter\CodeIgniter))
10 FCPATH/index.php(75): CodeIgniter\Boot::bootWeb(Object(Config\Paths))
INFO - 2025-01-10 03:30:13 --> Session: Class initialized using 'CodeIgniter\Session\Handlers\DatabaseHandler' driver.
INFO - 2025-01-10 03:30:13 --> Session: Class initialized using 'CodeIgniter\Session\Handlers\DatabaseHandler' driver.
INFO - 2025-01-10 03:30:13 --> Session: Class initialized using 'CodeIgniter\Session\Handlers\DatabaseHandler' driver.
INFO - 2025-01-10 03:30:13 --> Session: Class initialized using 'CodeIgniter\Session\Handlers\DatabaseHandler' driver.
INFO - 2025-01-10 03:30:13 --> Session: Class initialized using 'CodeIgniter\Session\Handlers\DatabaseHandler' driver.
INFO - 2025-01-10 03:30:13 --> Session: Class initialized using 'CodeIgniter\Session\Handlers\DatabaseHandler' driver.
INFO - 2025-01-10 03:30:13 --> Session: Class initialized using 'CodeIgniter\Session\Handlers\DatabaseHandler' driver.
INFO - 2025-01-10 03:30:18 --> Session: Class initialized using 'CodeIgniter\Session\Handlers\DatabaseHandler' driver.
CRITICAL - 2025-01-10 03:30:18 --> ErrorException: require_once(/var/www/html/app/ThirdParty/Google/2-18-1/composer/autoload_real.php): Failed to open stream: No such file or directory
[Method: GET, Route: events]
in APPPATH/ThirdParty/Google/2-18-1/autoload.php on line 23.
 1 APPPATH/ThirdParty/Google/2-18-1/autoload.php(23): CodeIgniter\Debug\Exceptions->errorHandler(2, 'require_once(/var/www/html/app/ThirdParty/Google/2-18-1/composer/autoload_real.php): Failed to open stream: No such file or directory', '/var/www/html/app/ThirdParty/Google/2-18-1/autoload.php', 23)
 2 APPPATH/ThirdParty/Google/2-18-1/autoload.php(23): require_once()
 3 APPPATH/Libraries/Google_calendar_events.php(15): require_once('/var/www/html/app/ThirdParty/Google/2-18-1/autoload.php')
 4 APPPATH/Controllers/Events.php(13): App\Libraries\Google_calendar_events->__construct()
 5 SYSTEMPATH/CodeIgniter.php(903): App\Controllers\Events->__construct()
 6 SYSTEMPATH/CodeIgniter.php(500): CodeIgniter\CodeIgniter->createController()
 7 SYSTEMPATH/CodeIgniter.php(355): CodeIgniter\CodeIgniter->handleRequest(null, Object(Config\Cache), false)
 8 SYSTEMPATH/Boot.php(334): CodeIgniter\CodeIgniter->run()
 9 SYSTEMPATH/Boot.php(67): CodeIgniter\Boot::runCodeIgniter(Object(CodeIgniter\CodeIgniter))
10 FCPATH/index.php(75): CodeIgniter\Boot::bootWeb(Object(Config\Paths))
